Started GET "/" for 127.0.0.1 at 2018-08-06 09:32:09 -0700

PG::ConnectionBad - FATAL:  database "benchbnb_development" does not exist
:

Started POST "/__better_errors/fba08eff36f4dd40/variables" for 127.0.0.1 at 2018-08-06 09:32:10 -0700
  [1m[35mSQL (0.4ms)[0m  [1m[35mCREATE EXTENSION IF NOT EXISTS "plpgsql"[0m
  [1m[35m (0.2ms)[0m  [1m[35mDROP TABLE IF EXISTS "users" CASCADE[0m
  [1m[35m (20.3ms)[0m  [1m[35mCREATE TABLE "users" ("id" bigserial primary key, "username" character varying NOT NULL, "password_digest" character varying NOT NULL, "session_token" character varying NOT NULL, "created_at" timestamp NOT NULL, "updated_at" timestamp NOT NULL)[0m
  [1m[35m (2.5ms)[0m  [1m[35mCREATE UNIQUE INDEX  "index_users_on_session_token" ON "users"  ("session_token")[0m
  [1m[35m (1.5ms)[0m  [1m[35mCREATE UNIQUE INDEX  "index_users_on_username" ON "users"  ("username")[0m
  [1m[35m (3.7ms)[0m  [1m[35mCREATE TABLE "schema_migrations" ("version" character varying NOT NULL PRIMARY KEY)[0m
  [1m[35m (1.4ms)[0m  [1m[34mSELECT "schema_migrations"."version" FROM "schema_migrations" ORDER BY "schema_migrations"."version" ASC[0m
  [1m[35m (6.6ms)[0m  [1m[32mINSERT INTO "schema_migrations" (version) VALUES (20180803210444)[0m
  [1m[35m (26.0ms)[0m  [1m[35mCREATE TABLE "ar_internal_metadata" ("key" character varying NOT NULL PRIMARY KEY, "value" character varying, "created_at" timestamp NOT NULL, "updated_at" timestamp NOT NULL)[0m
  [1m[36mActiveRecord::InternalMetadata Load (0.4ms)[0m  [1m[34mSELECT  "ar_internal_metadata".* FROM "ar_internal_metadata" WHERE "ar_internal_metadata"."key" = $1 LIMIT $2[0m  [["key", "environment"], ["LIMIT", 1]]
  [1m[35m (0.2ms)[0m  [1m[35mBEGIN[0m
  [1m[35mSQL (0.6ms)[0m  [1m[32mINSERT INTO "ar_internal_metadata" ("key", "value", "created_at", "updated_at") VALUES ($1, $2, $3, $4) RETURNING "key"[0m  [["key", "environment"], ["value", "development"], ["created_at", "2018-08-06 16:32:30.645616"], ["updated_at", "2018-08-06 16:32:30.645616"]]
  [1m[35m (0.5ms)[0m  [1m[35mCOMMIT[0m
  [1m[36mActiveRecord::InternalMetadata Load (0.3ms)[0m  [1m[34mSELECT  "ar_internal_metadata".* FROM "ar_internal_metadata" WHERE "ar_internal_metadata"."key" = $1 LIMIT $2[0m  [["key", "environment"], ["LIMIT", 1]]
  [1m[35m (0.2ms)[0m  [1m[35mBEGIN[0m
  [1m[35m (0.1ms)[0m  [1m[35mCOMMIT[0m
  [1m[35mSQL (0.4ms)[0m  [1m[35mCREATE EXTENSION IF NOT EXISTS "plpgsql"[0m
  [1m[35m (1.0ms)[0m  [1m[35mDROP TABLE IF EXISTS "users" CASCADE[0m
  [1m[35m (9.2ms)[0m  [1m[35mCREATE TABLE "users" ("id" bigserial primary key, "username" character varying NOT NULL, "password_digest" character varying NOT NULL, "session_token" character varying NOT NULL, "created_at" timestamp NOT NULL, "updated_at" timestamp NOT NULL)[0m
  [1m[35m (2.3ms)[0m  [1m[35mCREATE UNIQUE INDEX  "index_users_on_session_token" ON "users"  ("session_token")[0m
  [1m[35m (1.6ms)[0m  [1m[35mCREATE UNIQUE INDEX  "index_users_on_username" ON "users"  ("username")[0m
  [1m[35m (3.8ms)[0m  [1m[35mCREATE TABLE "schema_migrations" ("version" character varying NOT NULL PRIMARY KEY)[0m
  [1m[35m (0.8ms)[0m  [1m[34mSELECT "schema_migrations"."version" FROM "schema_migrations" ORDER BY "schema_migrations"."version" ASC[0m
  [1m[35m (1.3ms)[0m  [1m[32mINSERT INTO "schema_migrations" (version) VALUES (20180803210444)[0m
  [1m[35m (3.8ms)[0m  [1m[35mCREATE TABLE "ar_internal_metadata" ("key" character varying NOT NULL PRIMARY KEY, "value" character varying, "created_at" timestamp NOT NULL, "updated_at" timestamp NOT NULL)[0m
  [1m[36mActiveRecord::InternalMetadata Load (0.8ms)[0m  [1m[34mSELECT  "ar_internal_metadata".* FROM "ar_internal_metadata" WHERE "ar_internal_metadata"."key" = $1 LIMIT $2[0m  [["key", "environment"], ["LIMIT", 1]]
  [1m[35m (0.3ms)[0m  [1m[35mBEGIN[0m
  [1m[35mSQL (0.7ms)[0m  [1m[32mINSERT INTO "ar_internal_metadata" ("key", "value", "created_at", "updated_at") VALUES ($1, $2, $3, $4) RETURNING "key"[0m  [["key", "environment"], ["value", "development"], ["created_at", "2018-08-06 16:32:30.733777"], ["updated_at", "2018-08-06 16:32:30.733777"]]
  [1m[35m (0.5ms)[0m  [1m[35mCOMMIT[0m
  [1m[36mActiveRecord::InternalMetadata Load (0.4ms)[0m  [1m[34mSELECT  "ar_internal_metadata".* FROM "ar_internal_metadata" WHERE "ar_internal_metadata"."key" = $1 LIMIT $2[0m  [["key", "environment"], ["LIMIT", 1]]
  [1m[35m (0.2ms)[0m  [1m[35mBEGIN[0m
  [1m[35mSQL (0.6ms)[0m  [1m[33mUPDATE "ar_internal_metadata" SET "value" = $1, "updated_at" = $2 WHERE "ar_internal_metadata"."key" = $3[0m  [["value", "test"], ["updated_at", "2018-08-06 16:32:30.739769"], ["key", "environment"]]
  [1m[35m (0.5ms)[0m  [1m[35mCOMMIT[0m
  [1m[35m (1.3ms)[0m  [1m[34mSELECT "schema_migrations"."version" FROM "schema_migrations" ORDER BY "schema_migrations"."version" ASC[0m
  [1m[35m (6.0ms)[0m  [1m[34mSELECT pg_try_advisory_lock(456192024138762660)[0m
  [1m[35m (0.7ms)[0m  [1m[34mSELECT "schema_migrations"."version" FROM "schema_migrations" ORDER BY "schema_migrations"."version" ASC[0m
  [1m[36mActiveRecord::InternalMetadata Load (0.4ms)[0m  [1m[34mSELECT  "ar_internal_metadata".* FROM "ar_internal_metadata" WHERE "ar_internal_metadata"."key" = $1 LIMIT $2[0m  [["key", "environment"], ["LIMIT", 1]]
  [1m[35m (0.3ms)[0m  [1m[35mBEGIN[0m
  [1m[35m (0.2ms)[0m  [1m[35mCOMMIT[0m
  [1m[35m (0.3ms)[0m  [1m[34mSELECT pg_advisory_unlock(456192024138762660)[0m
  [1m[35m (0.3ms)[0m  [1m[34mSELECT "schema_migrations"."version" FROM "schema_migrations" ORDER BY "schema_migrations"."version" ASC[0m
Started GET "/" for 127.0.0.1 at 2018-08-06 09:32:44 -0700
  [1m[35m (0.8ms)[0m  [1m[34mSELECT "schema_migrations"."version" FROM "schema_migrations" ORDER BY "schema_migrations"."version" ASC[0m
Processing by StaticPagesController#root as HTML
  Rendering static_pages/root.html.erb within layouts/application
  Rendered static_pages/root.html.erb within layouts/application (1.7ms)
Completed 200 OK in 2068ms (Views: 2065.2ms | ActiveRecord: 0.0ms)


Started GET "/" for 127.0.0.1 at 2018-08-06 09:34:41 -0700
Processing by StaticPagesController#root as HTML
  Rendering static_pages/root.html.erb within layouts/application
  Rendered static_pages/root.html.erb within layouts/application (0.3ms)
Completed 200 OK in 390ms (Views: 388.2ms | ActiveRecord: 0.0ms)


Started GET "/" for 127.0.0.1 at 2018-08-06 09:36:02 -0700
Processing by StaticPagesController#root as HTML
  Rendering static_pages/root.html.erb within layouts/application
  Rendered static_pages/root.html.erb within layouts/application (0.3ms)
Completed 200 OK in 26ms (Views: 23.8ms | ActiveRecord: 0.0ms)


Started GET "/" for 127.0.0.1 at 2018-08-06 09:36:11 -0700
Processing by StaticPagesController#root as HTML
  Rendering static_pages/root.html.erb within layouts/application
  Rendered static_pages/root.html.erb within layouts/application (0.6ms)
Completed 200 OK in 32ms (Views: 30.2ms | ActiveRecord: 0.0ms)


Started GET "/" for 127.0.0.1 at 2018-08-06 09:39:04 -0700
Processing by StaticPagesController#root as HTML
  Rendering static_pages/root.html.erb within layouts/application
  Rendered static_pages/root.html.erb within layouts/application (0.3ms)
Completed 200 OK in 364ms (Views: 362.0ms | ActiveRecord: 0.0ms)


Started GET "/" for 127.0.0.1 at 2018-08-06 09:42:31 -0700
Processing by StaticPagesController#root as HTML
  Rendering static_pages/root.html.erb within layouts/application
  Rendered static_pages/root.html.erb within layouts/application (0.3ms)
Completed 200 OK in 361ms (Views: 358.7ms | ActiveRecord: 0.0ms)


Started GET "/" for 127.0.0.1 at 2018-08-06 10:09:44 -0700
Processing by StaticPagesController#root as HTML
  Rendering static_pages/root.html.erb within layouts/application
  Rendered static_pages/root.html.erb within layouts/application (0.5ms)
Completed 200 OK in 451ms (Views: 448.8ms | ActiveRecord: 0.0ms)


Started GET "/" for 127.0.0.1 at 2018-08-06 10:12:21 -0700
Processing by StaticPagesController#root as HTML
  Rendering static_pages/root.html.erb within layouts/application
  Rendered static_pages/root.html.erb within layouts/application (0.4ms)
Completed 200 OK in 463ms (Views: 460.4ms | ActiveRecord: 0.0ms)


Started GET "/" for 127.0.0.1 at 2018-08-06 10:13:05 -0700
Processing by StaticPagesController#root as HTML
  Rendering static_pages/root.html.erb within layouts/application
  Rendered static_pages/root.html.erb within layouts/application (0.3ms)
Completed 200 OK in 386ms (Views: 384.1ms | ActiveRecord: 0.0ms)


Started GET "/" for 127.0.0.1 at 2018-08-06 10:14:32 -0700
Processing by StaticPagesController#root as HTML
  Rendering static_pages/root.html.erb within layouts/application
  Rendered static_pages/root.html.erb within layouts/application (0.3ms)
Completed 200 OK in 385ms (Views: 383.0ms | ActiveRecord: 0.0ms)


  [1m[35m (0.8ms)[0m  [1m[34mSELECT "schema_migrations"."version" FROM "schema_migrations" ORDER BY "schema_migrations"."version" ASC[0m
  [1m[36mUser Load (0.7ms)[0m  [1m[34mSELECT "users".* FROM "users"[0m
  [1m[35m (0.2ms)[0m  [1m[35mBEGIN[0m
  [1m[36mUser Exists (0.7ms)[0m  [1m[34mSELECT  1 AS one FROM "users" WHERE "users"."username" = $1 LIMIT $2[0m  [["username", "username"], ["LIMIT", 1]]
  [1m[36mUser Exists (0.3ms)[0m  [1m[34mSELECT  1 AS one FROM "users" WHERE "users"."session_token" = $1 LIMIT $2[0m  [["session_token", "3e-IrSr64Reufqo_sjN5aA"], ["LIMIT", 1]]
  [1m[35mSQL (1.0ms)[0m  [1m[32mINSERT INTO "users" ("username", "password_digest", "session_token", "created_at", "updated_at") VALUES ($1, $2, $3, $4, $5) RETURNING "id"[0m  [["username", "username"], ["password_digest", "$2a$10$NATMylwt8VDjwlw7pX.UaedwBAbbR2wrIGKzOmcY4wOO2qP9C54Vq"], ["session_token", "3e-IrSr64Reufqo_sjN5aA"], ["created_at", "2018-08-06 17:16:40.651256"], ["updated_at", "2018-08-06 17:16:40.651256"]]
  [1m[35m (6.5ms)[0m  [1m[35mCOMMIT[0m
  [1m[36mUser Load (0.7ms)[0m  [1m[34mSELECT "users".* FROM "users"[0m
Started GET "/" for 127.0.0.1 at 2018-08-06 10:16:55 -0700
Processing by StaticPagesController#root as HTML
  Rendering static_pages/root.html.erb within layouts/application
  Rendered static_pages/root.html.erb within layouts/application (0.6ms)
Completed 200 OK in 27ms (Views: 24.7ms | ActiveRecord: 0.0ms)


Started GET "/" for 127.0.0.1 at 2018-08-06 10:19:33 -0700
Processing by StaticPagesController#root as HTML
  Rendering static_pages/root.html.erb within layouts/application
  Rendered static_pages/root.html.erb within layouts/application (0.3ms)
Completed 200 OK in 381ms (Views: 378.8ms | ActiveRecord: 0.0ms)


Started POST "/api/session" for 127.0.0.1 at 2018-08-06 10:19:36 -0700
Processing by Api::SessionsController#create as JSON
  Parameters: {"user"=>"username"}
Completed 500 Internal Server Error in 3ms (ActiveRecord: 0.0ms)



TypeError - no implicit conversion of Symbol into Integer:
  app/controllers/api/sessions_controller.rb:8:in `create'

Started GET "/signup" for 127.0.0.1 at 2018-08-06 10:35:53 -0700
  
ActionController::RoutingError (No route matches [GET] "/signup"):
  
actionpack (5.1.6) lib/action_dispatch/middleware/debug_exceptions.rb:63:in `call'
web-console (3.6.2) lib/web_console/middleware.rb:135:in `call_app'
web-console (3.6.2) lib/web_console/middleware.rb:30:in `block in call'
web-console (3.6.2) lib/web_console/middleware.rb:20:in `catch'
web-console (3.6.2) lib/web_console/middleware.rb:20:in `call'
actionpack (5.1.6) lib/action_dispatch/middleware/show_exceptions.rb:31:in `call'
railties (5.1.6) lib/rails/rack/logger.rb:36:in `call_app'
railties (5.1.6) lib/rails/rack/logger.rb:24:in `block in call'
activesupport (5.1.6) lib/active_support/tagged_logging.rb:69:in `block in tagged'
activesupport (5.1.6) lib/active_support/tagged_logging.rb:26:in `tagged'
activesupport (5.1.6) lib/active_support/tagged_logging.rb:69:in `tagged'
railties (5.1.6) lib/rails/rack/logger.rb:24:in `call'
sprockets-rails (3.2.1) lib/sprockets/rails/quiet_assets.rb:13:in `call'
actionpack (5.1.6) lib/action_dispatch/middleware/remote_ip.rb:79:in `call'
actionpack (5.1.6) lib/action_dispatch/middleware/request_id.rb:25:in `call'
rack (2.0.5) lib/rack/method_override.rb:22:in `call'
rack (2.0.5) lib/rack/runtime.rb:22:in `call'
activesupport (5.1.6) lib/active_support/cache/strategy/local_cache_middleware.rb:27:in `call'
actionpack (5.1.6) lib/action_dispatch/middleware/executor.rb:12:in `call'
actionpack (5.1.6) lib/action_dispatch/middleware/static.rb:125:in `call'
rack (2.0.5) lib/rack/sendfile.rb:111:in `call'
railties (5.1.6) lib/rails/engine.rb:522:in `call'
puma (3.12.0) lib/puma/configuration.rb:225:in `call'
puma (3.12.0) lib/puma/server.rb:658:in `handle_request'
puma (3.12.0) lib/puma/server.rb:472:in `process_client'
puma (3.12.0) lib/puma/server.rb:332:in `block in run'
puma (3.12.0) lib/puma/thread_pool.rb:133:in `block in spawn_thread'
Started GET "/" for 127.0.0.1 at 2018-08-06 10:36:00 -0700
Processing by StaticPagesController#root as HTML
  Rendering static_pages/root.html.erb within layouts/application
  Rendered static_pages/root.html.erb within layouts/application (0.2ms)
Completed 200 OK in 380ms (Views: 377.8ms | ActiveRecord: 0.0ms)


Started GET "/" for 127.0.0.1 at 2018-08-06 11:27:45 -0700
Processing by StaticPagesController#root as HTML
  Rendering static_pages/root.html.erb within layouts/application
  Rendered static_pages/root.html.erb within layouts/application (0.3ms)
Completed 200 OK in 387ms (Views: 385.3ms | ActiveRecord: 0.0ms)


Started GET "/" for 127.0.0.1 at 2018-08-06 11:27:51 -0700
Processing by StaticPagesController#root as HTML
  Rendering static_pages/root.html.erb within layouts/application
  Rendered static_pages/root.html.erb within layouts/application (0.4ms)
Completed 200 OK in 31ms (Views: 28.1ms | ActiveRecord: 0.0ms)


Started POST "/api/users" for 127.0.0.1 at 2018-08-06 11:28:16 -0700
Processing by Api::UsersController#create as JSON
  Parameters: {"user"=>{"username"=>"steven", "password"=>"[FILTERED]"}}
  [1m[35m (0.2ms)[0m  [1m[35mBEGIN[0m
  [1m[36mUser Exists (0.8ms)[0m  [1m[34mSELECT  1 AS one FROM "users" WHERE "users"."username" = $1 LIMIT $2[0m  [["username", "steven"], ["LIMIT", 1]]
  [1m[36mUser Exists (0.4ms)[0m  [1m[34mSELECT  1 AS one FROM "users" WHERE "users"."session_token" = $1 LIMIT $2[0m  [["session_token", "dvPGLu1ZF4xMdmQExMI-Bw"], ["LIMIT", 1]]
  [1m[35mSQL (0.8ms)[0m  [1m[32mINSERT INTO "users" ("username", "password_digest", "session_token", "created_at", "updated_at") VALUES ($1, $2, $3, $4, $5) RETURNING "id"[0m  [["username", "steven"], ["password_digest", "$2a$10$tAtmNIZdx.zsXMrLynD5.O3PVl5aWXQdQPgnU6waLDbP27UZ6jFzi"], ["session_token", "dvPGLu1ZF4xMdmQExMI-Bw"], ["created_at", "2018-08-06 18:28:16.173997"], ["updated_at", "2018-08-06 18:28:16.173997"]]
  [1m[35m (5.9ms)[0m  [1m[35mCOMMIT[0m
  [1m[35m (0.3ms)[0m  [1m[35mBEGIN[0m
  [1m[36mUser Exists (0.5ms)[0m  [1m[34mSELECT  1 AS one FROM "users" WHERE "users"."username" = $1 AND ("users"."id" != $2) LIMIT $3[0m  [["username", "steven"], ["id", 2], ["LIMIT", 1]]
  [1m[36mUser Exists (0.4ms)[0m  [1m[34mSELECT  1 AS one FROM "users" WHERE "users"."session_token" = $1 AND ("users"."id" != $2) LIMIT $3[0m  [["session_token", "OhpjdfFKBSODVmPHnGYrmQ"], ["id", 2], ["LIMIT", 1]]
  [1m[35mSQL (0.6ms)[0m  [1m[33mUPDATE "users" SET "session_token" = $1, "updated_at" = $2 WHERE "users"."id" = $3[0m  [["session_token", "OhpjdfFKBSODVmPHnGYrmQ"], ["updated_at", "2018-08-06 18:28:16.186501"], ["id", 2]]
  [1m[35m (0.4ms)[0m  [1m[35mCOMMIT[0m
  Rendering api/users/show.json.jbuilder
  Rendered api/users/_user.json.jbuilder (0.2ms)
  Rendered api/users/show.json.jbuilder (4.4ms)
Completed 200 OK in 110ms (Views: 12.0ms | ActiveRecord: 17.7ms)


Started DELETE "/api/session" for 127.0.0.1 at 2018-08-06 11:28:18 -0700
Processing by Api::SessionsController#destroy as JSON
  [1m[36mUser Load (0.3ms)[0m  [1m[34mSELECT  "users".* FROM "users" WHERE "users"."session_token" = $1 LIMIT $2[0m  [["session_token", "OhpjdfFKBSODVmPHnGYrmQ"], ["LIMIT", 1]]
  [1m[35m (0.1ms)[0m  [1m[35mBEGIN[0m
  [1m[36mUser Exists (0.4ms)[0m  [1m[34mSELECT  1 AS one FROM "users" WHERE "users"."username" = $1 AND ("users"."id" != $2) LIMIT $3[0m  [["username", "steven"], ["id", 2], ["LIMIT", 1]]
  [1m[36mUser Exists (0.4ms)[0m  [1m[34mSELECT  1 AS one FROM "users" WHERE "users"."session_token" = $1 AND ("users"."id" != $2) LIMIT $3[0m  [["session_token", "HDhup_D-vQpCp7z_m-m1Gg"], ["id", 2], ["LIMIT", 1]]
  [1m[35mSQL (0.5ms)[0m  [1m[33mUPDATE "users" SET "session_token" = $1, "updated_at" = $2 WHERE "users"."id" = $3[0m  [["session_token", "HDhup_D-vQpCp7z_m-m1Gg"], ["updated_at", "2018-08-06 18:28:18.560206"], ["id", 2]]
  [1m[35m (6.3ms)[0m  [1m[35mCOMMIT[0m
Completed 200 OK in 22ms (Views: 0.2ms | ActiveRecord: 8.3ms)


Started POST "/api/session" for 127.0.0.1 at 2018-08-06 11:28:24 -0700
Processing by Api::SessionsController#create as JSON
  Parameters: {"user"=>{"username"=>"steven", "password"=>"[FILTERED]"}}
  [1m[36mUser Load (0.3ms)[0m  [1m[34mSELECT  "users".* FROM "users" WHERE "users"."username" = $1 LIMIT $2[0m  [["username", "steven"], ["LIMIT", 1]]
  [1m[35m (0.2ms)[0m  [1m[35mBEGIN[0m
  [1m[36mUser Exists (0.4ms)[0m  [1m[34mSELECT  1 AS one FROM "users" WHERE "users"."username" = $1 AND ("users"."id" != $2) LIMIT $3[0m  [["username", "steven"], ["id", 2], ["LIMIT", 1]]
  [1m[36mUser Exists (0.2ms)[0m  [1m[34mSELECT  1 AS one FROM "users" WHERE "users"."session_token" = $1 AND ("users"."id" != $2) LIMIT $3[0m  [["session_token", "MCNKWBUNMJzYgGXLtCVUiQ"], ["id", 2], ["LIMIT", 1]]
  [1m[35mSQL (0.3ms)[0m  [1m[33mUPDATE "users" SET "session_token" = $1, "updated_at" = $2 WHERE "users"."id" = $3[0m  [["session_token", "MCNKWBUNMJzYgGXLtCVUiQ"], ["updated_at", "2018-08-06 18:28:24.985347"], ["id", 2]]
  [1m[35m (5.6ms)[0m  [1m[35mCOMMIT[0m
  Rendering api/users/show.json.jbuilder
  Rendered api/users/_user.json.jbuilder (0.2ms)
  Rendered api/users/show.json.jbuilder (1.3ms)
Completed 200 OK in 81ms (Views: 9.2ms | ActiveRecord: 7.2ms)


Started DELETE "/api/session" for 127.0.0.1 at 2018-08-06 11:28:25 -0700
Processing by Api::SessionsController#destroy as JSON
  [1m[36mUser Load (0.3ms)[0m  [1m[34mSELECT  "users".* FROM "users" WHERE "users"."session_token" = $1 LIMIT $2[0m  [["session_token", "MCNKWBUNMJzYgGXLtCVUiQ"], ["LIMIT", 1]]
  [1m[35m (0.1ms)[0m  [1m[35mBEGIN[0m
  [1m[36mUser Exists (0.3ms)[0m  [1m[34mSELECT  1 AS one FROM "users" WHERE "users"."username" = $1 AND ("users"."id" != $2) LIMIT $3[0m  [["username", "steven"], ["id", 2], ["LIMIT", 1]]
  [1m[36mUser Exists (0.3ms)[0m  [1m[34mSELECT  1 AS one FROM "users" WHERE "users"."session_token" = $1 AND ("users"."id" != $2) LIMIT $3[0m  [["session_token", "ABq-sKUQdNm-HrXDyIYl_w"], ["id", 2], ["LIMIT", 1]]
  [1m[35mSQL (0.4ms)[0m  [1m[33mUPDATE "users" SET "session_token" = $1, "updated_at" = $2 WHERE "users"."id" = $3[0m  [["session_token", "ABq-sKUQdNm-HrXDyIYl_w"], ["updated_at", "2018-08-06 18:28:25.747879"], ["id", 2]]
  [1m[35m (5.5ms)[0m  [1m[35mCOMMIT[0m
Completed 200 OK in 11ms (Views: 0.2ms | ActiveRecord: 7.0ms)


Started POST "/api/session" for 127.0.0.1 at 2018-08-06 11:28:29 -0700
Processing by Api::SessionsController#create as JSON
  Parameters: {"user"=>{"username"=>"asdf", "password"=>"[FILTERED]"}}
  [1m[36mUser Load (0.6ms)[0m  [1m[34mSELECT  "users".* FROM "users" WHERE "users"."username" = $1 LIMIT $2[0m  [["username", "asdf"], ["LIMIT", 1]]
Completed 401 Unauthorized in 2ms (Views: 0.3ms | ActiveRecord: 0.6ms)


Started POST "/api/users" for 127.0.0.1 at 2018-08-06 11:28:45 -0700
Processing by Api::UsersController#create as JSON
  Parameters: {"user"=>{"username"=>"asdf", "password"=>"[FILTERED]"}}
  [1m[35m (0.1ms)[0m  [1m[35mBEGIN[0m
  [1m[36mUser Exists (0.3ms)[0m  [1m[34mSELECT  1 AS one FROM "users" WHERE "users"."username" = $1 LIMIT $2[0m  [["username", "asdf"], ["LIMIT", 1]]
  [1m[36mUser Exists (0.3ms)[0m  [1m[34mSELECT  1 AS one FROM "users" WHERE "users"."session_token" = $1 LIMIT $2[0m  [["session_token", "ufp4ZNRaWoyP2Y_f5FSS7A"], ["LIMIT", 1]]
  [1m[35m (0.2ms)[0m  [1m[31mROLLBACK[0m
Completed 422 Unprocessable Entity in 85ms (Views: 0.1ms | ActiveRecord: 1.0ms)


Started POST "/api/session" for 127.0.0.1 at 2018-08-06 11:28:54 -0700
Processing by Api::SessionsController#create as JSON
  Parameters: {"user"=>{"username"=>"asdf", "password"=>"[FILTERED]"}}
  [1m[36mUser Load (0.4ms)[0m  [1m[34mSELECT  "users".* FROM "users" WHERE "users"."username" = $1 LIMIT $2[0m  [["username", "asdf"], ["LIMIT", 1]]
Completed 401 Unauthorized in 2ms (Views: 0.3ms | ActiveRecord: 0.4ms)


Started POST "/api/session" for 127.0.0.1 at 2018-08-06 11:30:10 -0700
Processing by Api::SessionsController#create as JSON
  Parameters: {"user"=>{"username"=>"steven", "password"=>"[FILTERED]"}}
  [1m[36mUser Load (0.4ms)[0m  [1m[34mSELECT  "users".* FROM "users" WHERE "users"."username" = $1 LIMIT $2[0m  [["username", "steven"], ["LIMIT", 1]]
  [1m[35m (0.2ms)[0m  [1m[35mBEGIN[0m
  [1m[36mUser Exists (0.3ms)[0m  [1m[34mSELECT  1 AS one FROM "users" WHERE "users"."username" = $1 AND ("users"."id" != $2) LIMIT $3[0m  [["username", "steven"], ["id", 2], ["LIMIT", 1]]
  [1m[36mUser Exists (0.2ms)[0m  [1m[34mSELECT  1 AS one FROM "users" WHERE "users"."session_token" = $1 AND ("users"."id" != $2) LIMIT $3[0m  [["session_token", "SWBxPg14vNWcMWospS01ZQ"], ["id", 2], ["LIMIT", 1]]
  [1m[35mSQL (0.3ms)[0m  [1m[33mUPDATE "users" SET "session_token" = $1, "updated_at" = $2 WHERE "users"."id" = $3[0m  [["session_token", "SWBxPg14vNWcMWospS01ZQ"], ["updated_at", "2018-08-06 18:30:10.167872"], ["id", 2]]
  [1m[35m (5.6ms)[0m  [1m[35mCOMMIT[0m
  Rendering api/users/show.json.jbuilder
  Rendered api/users/_user.json.jbuilder (0.2ms)
  Rendered api/users/show.json.jbuilder (1.4ms)
Completed 200 OK in 81ms (Views: 9.9ms | ActiveRecord: 7.1ms)


Started DELETE "/api/session" for 127.0.0.1 at 2018-08-06 11:30:13 -0700
Processing by Api::SessionsController#destroy as JSON
  [1m[36mUser Load (0.3ms)[0m  [1m[34mSELECT  "users".* FROM "users" WHERE "users"."session_token" = $1 LIMIT $2[0m  [["session_token", "SWBxPg14vNWcMWospS01ZQ"], ["LIMIT", 1]]
  [1m[35m (0.1ms)[0m  [1m[35mBEGIN[0m
  [1m[36mUser Exists (0.4ms)[0m  [1m[34mSELECT  1 AS one FROM "users" WHERE "users"."username" = $1 AND ("users"."id" != $2) LIMIT $3[0m  [["username", "steven"], ["id", 2], ["LIMIT", 1]]
  [1m[36mUser Exists (0.3ms)[0m  [1m[34mSELECT  1 AS one FROM "users" WHERE "users"."session_token" = $1 AND ("users"."id" != $2) LIMIT $3[0m  [["session_token", "i2puOPQX6-f38h2MJqhXEQ"], ["id", 2], ["LIMIT", 1]]
  [1m[35mSQL (0.4ms)[0m  [1m[33mUPDATE "users" SET "session_token" = $1, "updated_at" = $2 WHERE "users"."id" = $3[0m  [["session_token", "i2puOPQX6-f38h2MJqhXEQ"], ["updated_at", "2018-08-06 18:30:13.808389"], ["id", 2]]
  [1m[35m (5.5ms)[0m  [1m[35mCOMMIT[0m
Completed 200 OK in 11ms (Views: 0.2ms | ActiveRecord: 7.0ms)


Started POST "/api/session" for 127.0.0.1 at 2018-08-06 11:37:44 -0700

LoadError - cannot load such file -- /Users/stevenchen/App_Academy/bench_bnb/W7D5/config/routes.rb:

Started GET "/" for 127.0.0.1 at 2018-08-06 11:37:51 -0700
  
ActionController::RoutingError (No route matches [GET] "/"):
  
actionpack (5.1.6) lib/action_dispatch/middleware/debug_exceptions.rb:63:in `call'
web-console (3.6.2) lib/web_console/middleware.rb:135:in `call_app'
web-console (3.6.2) lib/web_console/middleware.rb:30:in `block in call'
web-console (3.6.2) lib/web_console/middleware.rb:20:in `catch'
web-console (3.6.2) lib/web_console/middleware.rb:20:in `call'
actionpack (5.1.6) lib/action_dispatch/middleware/show_exceptions.rb:31:in `call'
railties (5.1.6) lib/rails/rack/logger.rb:36:in `call_app'
railties (5.1.6) lib/rails/rack/logger.rb:24:in `block in call'
activesupport (5.1.6) lib/active_support/tagged_logging.rb:69:in `block in tagged'
activesupport (5.1.6) lib/active_support/tagged_logging.rb:26:in `tagged'
activesupport (5.1.6) lib/active_support/tagged_logging.rb:69:in `tagged'
railties (5.1.6) lib/rails/rack/logger.rb:24:in `call'
sprockets-rails (3.2.1) lib/sprockets/rails/quiet_assets.rb:13:in `call'
actionpack (5.1.6) lib/action_dispatch/middleware/remote_ip.rb:79:in `call'
actionpack (5.1.6) lib/action_dispatch/middleware/request_id.rb:25:in `call'
rack (2.0.5) lib/rack/method_override.rb:22:in `call'
rack (2.0.5) lib/rack/runtime.rb:22:in `call'
activesupport (5.1.6) lib/active_support/cache/strategy/local_cache_middleware.rb:27:in `call'
actionpack (5.1.6) lib/action_dispatch/middleware/executor.rb:12:in `call'
actionpack (5.1.6) lib/action_dispatch/middleware/static.rb:125:in `call'
rack (2.0.5) lib/rack/sendfile.rb:111:in `call'
railties (5.1.6) lib/rails/engine.rb:522:in `call'
puma (3.12.0) lib/puma/configuration.rb:225:in `call'
puma (3.12.0) lib/puma/server.rb:658:in `handle_request'
puma (3.12.0) lib/puma/server.rb:472:in `process_client'
puma (3.12.0) lib/puma/server.rb:332:in `block in run'
puma (3.12.0) lib/puma/thread_pool.rb:133:in `block in spawn_thread'
Started GET "/" for 127.0.0.1 at 2018-08-06 11:38:37 -0700
  [1m[35m (0.9ms)[0m  [1m[34mSELECT "schema_migrations"."version" FROM "schema_migrations" ORDER BY "schema_migrations"."version" ASC[0m
Processing by StaticPagesController#root as HTML
  Rendering static_pages/root.html.erb within layouts/application
  Rendered static_pages/root.html.erb within layouts/application (0.9ms)
Completed 200 OK in 1328ms (Views: 1325.7ms | ActiveRecord: 0.0ms)


Started POST "/api/session" for 127.0.0.1 at 2018-08-06 11:38:44 -0700
Processing by Api::SessionsController#create as JSON
  Parameters: {"user"=>{"username"=>"steven", "password"=>"[FILTERED]"}}
  [1m[36mUser Load (0.7ms)[0m  [1m[34mSELECT  "users".* FROM "users" WHERE "users"."username" = $1 LIMIT $2[0m  [["username", "steven"], ["LIMIT", 1]]
  [1m[35m (0.2ms)[0m  [1m[35mBEGIN[0m
  [1m[36mUser Exists (0.5ms)[0m  [1m[34mSELECT  1 AS one FROM "users" WHERE "users"."username" = $1 AND ("users"."id" != $2) LIMIT $3[0m  [["username", "steven"], ["id", 2], ["LIMIT", 1]]
  [1m[36mUser Exists (0.3ms)[0m  [1m[34mSELECT  1 AS one FROM "users" WHERE "users"."session_token" = $1 AND ("users"."id" != $2) LIMIT $3[0m  [["session_token", "TOpYi3pD4Je5v3K80ohr_g"], ["id", 2], ["LIMIT", 1]]
  [1m[35mSQL (0.5ms)[0m  [1m[33mUPDATE "users" SET "session_token" = $1, "updated_at" = $2 WHERE "users"."id" = $3[0m  [["session_token", "TOpYi3pD4Je5v3K80ohr_g"], ["updated_at", "2018-08-06 18:38:44.975356"], ["id", 2]]
  [1m[35m (2.3ms)[0m  [1m[35mCOMMIT[0m
  Rendering api/users/show.json.jbuilder
  Rendered api/users/_user.json.jbuilder (0.2ms)
  Rendered api/users/show.json.jbuilder (2.7ms)
Completed 200 OK in 114ms (Views: 8.3ms | ActiveRecord: 22.2ms)


Started GET "/" for 127.0.0.1 at 2018-08-06 11:40:32 -0700
Processing by StaticPagesController#root as HTML
  Rendering static_pages/root.html.erb within layouts/application
  [1m[36mUser Load (0.3ms)[0m  [1m[34mSELECT  "users".* FROM "users" WHERE "users"."session_token" = $1 LIMIT $2[0m  [["session_token", "TOpYi3pD4Je5v3K80ohr_g"], ["LIMIT", 1]]
  Rendered api/users/_user.json.jbuilder (0.5ms)
  Rendered static_pages/root.html.erb within layouts/application (5.3ms)
Completed 200 OK in 27ms (Views: 24.8ms | ActiveRecord: 0.3ms)


Started POST "/api/session" for 127.0.0.1 at 2018-08-06 11:40:39 -0700
Processing by Api::SessionsController#create as JSON
  Parameters: {"user"=>{"username"=>"steven", "password"=>"[FILTERED]"}}
  [1m[36mUser Load (0.7ms)[0m  [1m[34mSELECT  "users".* FROM "users" WHERE "users"."username" = $1 LIMIT $2[0m  [["username", "steven"], ["LIMIT", 1]]
  [1m[35m (0.2ms)[0m  [1m[35mBEGIN[0m
  [1m[36mUser Exists (0.4ms)[0m  [1m[34mSELECT  1 AS one FROM "users" WHERE "users"."username" = $1 AND ("users"."id" != $2) LIMIT $3[0m  [["username", "steven"], ["id", 2], ["LIMIT", 1]]
  [1m[36mUser Exists (0.3ms)[0m  [1m[34mSELECT  1 AS one FROM "users" WHERE "users"."session_token" = $1 AND ("users"."id" != $2) LIMIT $3[0m  [["session_token", "6f_HnFnebZ8MeJhOP1sq5w"], ["id", 2], ["LIMIT", 1]]
  [1m[35mSQL (0.5ms)[0m  [1m[33mUPDATE "users" SET "session_token" = $1, "updated_at" = $2 WHERE "users"."id" = $3[0m  [["session_token", "6f_HnFnebZ8MeJhOP1sq5w"], ["updated_at", "2018-08-06 18:40:39.712462"], ["id", 2]]
  [1m[35m (5.9ms)[0m  [1m[35mCOMMIT[0m
  Rendering api/users/show.json.jbuilder
  Rendered api/users/_user.json.jbuilder (0.2ms)
  Rendered api/users/show.json.jbuilder (1.3ms)
Completed 200 OK in 86ms (Views: 9.2ms | ActiveRecord: 8.3ms)


Started DELETE "/api/session" for 127.0.0.1 at 2018-08-06 11:40:51 -0700
Processing by Api::SessionsController#destroy as JSON
  [1m[36mUser Load (0.4ms)[0m  [1m[34mSELECT  "users".* FROM "users" WHERE "users"."session_token" = $1 LIMIT $2[0m  [["session_token", "6f_HnFnebZ8MeJhOP1sq5w"], ["LIMIT", 1]]
  [1m[35m (0.1ms)[0m  [1m[35mBEGIN[0m
  [1m[36mUser Exists (0.3ms)[0m  [1m[34mSELECT  1 AS one FROM "users" WHERE "users"."username" = $1 AND ("users"."id" != $2) LIMIT $3[0m  [["username", "steven"], ["id", 2], ["LIMIT", 1]]
  [1m[36mUser Exists (0.3ms)[0m  [1m[34mSELECT  1 AS one FROM "users" WHERE "users"."session_token" = $1 AND ("users"."id" != $2) LIMIT $3[0m  [["session_token", "33AnbCj360dKvbQhbq1qzg"], ["id", 2], ["LIMIT", 1]]
  [1m[35mSQL (0.4ms)[0m  [1m[33mUPDATE "users" SET "session_token" = $1, "updated_at" = $2 WHERE "users"."id" = $3[0m  [["session_token", "33AnbCj360dKvbQhbq1qzg"], ["updated_at", "2018-08-06 18:40:51.259838"], ["id", 2]]
  [1m[35m (5.5ms)[0m  [1m[35mCOMMIT[0m
Completed 200 OK in 11ms (Views: 0.2ms | ActiveRecord: 7.1ms)


Started GET "/" for 127.0.0.1 at 2018-08-06 11:42:32 -0700
Processing by StaticPagesController#root as HTML
  Rendering static_pages/root.html.erb within layouts/application
  Rendered static_pages/root.html.erb within layouts/application (0.6ms)
Completed 200 OK in 24ms (Views: 22.0ms | ActiveRecord: 0.0ms)


Started POST "/api/session" for 127.0.0.1 at 2018-08-06 11:46:28 -0700
Processing by Api::SessionsController#create as JSON
  Parameters: {"user"=>{"username"=>"steven", "password"=>"[FILTERED]"}}
  [1m[36mUser Load (0.3ms)[0m  [1m[34mSELECT  "users".* FROM "users" WHERE "users"."username" = $1 LIMIT $2[0m  [["username", "steven"], ["LIMIT", 1]]
  [1m[35m (0.2ms)[0m  [1m[35mBEGIN[0m
  [1m[36mUser Exists (0.4ms)[0m  [1m[34mSELECT  1 AS one FROM "users" WHERE "users"."username" = $1 AND ("users"."id" != $2) LIMIT $3[0m  [["username", "steven"], ["id", 2], ["LIMIT", 1]]
  [1m[36mUser Exists (0.3ms)[0m  [1m[34mSELECT  1 AS one FROM "users" WHERE "users"."session_token" = $1 AND ("users"."id" != $2) LIMIT $3[0m  [["session_token", "VwD9umVP09_hbgoL5wD-bQ"], ["id", 2], ["LIMIT", 1]]
  [1m[35mSQL (0.3ms)[0m  [1m[33mUPDATE "users" SET "session_token" = $1, "updated_at" = $2 WHERE "users"."id" = $3[0m  [["session_token", "VwD9umVP09_hbgoL5wD-bQ"], ["updated_at", "2018-08-06 18:46:28.311538"], ["id", 2]]
  [1m[35m (5.6ms)[0m  [1m[35mCOMMIT[0m
  Rendering api/users/show.json.jbuilder
  Rendered api/users/_user.json.jbuilder (0.2ms)
  Rendered api/users/show.json.jbuilder (1.2ms)
Completed 200 OK in 81ms (Views: 7.8ms | ActiveRecord: 7.1ms)


Started GET "/" for 127.0.0.1 at 2018-08-06 11:46:29 -0700
Processing by StaticPagesController#root as HTML
  Rendering static_pages/root.html.erb within layouts/application
  [1m[36mUser Load (0.3ms)[0m  [1m[34mSELECT  "users".* FROM "users" WHERE "users"."session_token" = $1 LIMIT $2[0m  [["session_token", "VwD9umVP09_hbgoL5wD-bQ"], ["LIMIT", 1]]
  Rendered api/users/_user.json.jbuilder (0.4ms)
  Rendered static_pages/root.html.erb within layouts/application (5.0ms)
Completed 200 OK in 477ms (Views: 474.4ms | ActiveRecord: 0.3ms)


Started GET "/" for 127.0.0.1 at 2018-08-06 11:46:29 -0700
Processing by StaticPagesController#root as HTML
  Rendering static_pages/root.html.erb within layouts/application
  [1m[36mUser Load (1.2ms)[0m  [1m[34mSELECT  "users".* FROM "users" WHERE "users"."session_token" = $1 LIMIT $2[0m  [["session_token", "VwD9umVP09_hbgoL5wD-bQ"], ["LIMIT", 1]]
  Rendered api/users/_user.json.jbuilder (0.5ms)
  Rendered static_pages/root.html.erb within layouts/application (11.8ms)
Completed 200 OK in 46ms (Views: 42.4ms | ActiveRecord: 1.2ms)


Started GET "/" for 127.0.0.1 at 2018-08-06 11:46:29 -0700
Processing by StaticPagesController#root as HTML
  Rendering static_pages/root.html.erb within layouts/application
  [1m[36mUser Load (0.4ms)[0m  [1m[34mSELECT  "users".* FROM "users" WHERE "users"."session_token" = $1 LIMIT $2[0m  [["session_token", "VwD9umVP09_hbgoL5wD-bQ"], ["LIMIT", 1]]
  Rendered api/users/_user.json.jbuilder (0.4ms)
  Rendered static_pages/root.html.erb within layouts/application (4.6ms)
Completed 200 OK in 35ms (Views: 33.0ms | ActiveRecord: 0.4ms)


Started GET "/" for 127.0.0.1 at 2018-08-06 11:46:31 -0700
Processing by StaticPagesController#root as HTML
  Rendering static_pages/root.html.erb within layouts/application
  [1m[36mUser Load (0.4ms)[0m  [1m[34mSELECT  "users".* FROM "users" WHERE "users"."session_token" = $1 LIMIT $2[0m  [["session_token", "VwD9umVP09_hbgoL5wD-bQ"], ["LIMIT", 1]]
  Rendered api/users/_user.json.jbuilder (0.5ms)
  Rendered static_pages/root.html.erb within layouts/application (4.7ms)
Completed 200 OK in 32ms (Views: 29.5ms | ActiveRecord: 0.4ms)


Started DELETE "/api/session" for 127.0.0.1 at 2018-08-06 11:46:37 -0700
Processing by Api::SessionsController#destroy as JSON
  [1m[36mUser Load (0.3ms)[0m  [1m[34mSELECT  "users".* FROM "users" WHERE "users"."session_token" = $1 LIMIT $2[0m  [["session_token", "VwD9umVP09_hbgoL5wD-bQ"], ["LIMIT", 1]]
  [1m[35m (0.1ms)[0m  [1m[35mBEGIN[0m
  [1m[36mUser Exists (0.3ms)[0m  [1m[34mSELECT  1 AS one FROM "users" WHERE "users"."username" = $1 AND ("users"."id" != $2) LIMIT $3[0m  [["username", "steven"], ["id", 2], ["LIMIT", 1]]
  [1m[36mUser Exists (0.3ms)[0m  [1m[34mSELECT  1 AS one FROM "users" WHERE "users"."session_token" = $1 AND ("users"."id" != $2) LIMIT $3[0m  [["session_token", "cOjqrhTzs0i2ju4LALD2zA"], ["id", 2], ["LIMIT", 1]]
  [1m[35mSQL (0.4ms)[0m  [1m[33mUPDATE "users" SET "session_token" = $1, "updated_at" = $2 WHERE "users"."id" = $3[0m  [["session_token", "cOjqrhTzs0i2ju4LALD2zA"], ["updated_at", "2018-08-06 18:46:37.794357"], ["id", 2]]
  [1m[35m (5.6ms)[0m  [1m[35mCOMMIT[0m
Completed 200 OK in 11ms (Views: 0.2ms | ActiveRecord: 7.1ms)


Started GET "/" for 127.0.0.1 at 2018-08-06 11:46:45 -0700
Processing by StaticPagesController#root as HTML
  Rendering static_pages/root.html.erb within layouts/application
  Rendered static_pages/root.html.erb within layouts/application (0.7ms)
Completed 200 OK in 25ms (Views: 23.2ms | ActiveRecord: 0.0ms)


Started GET "/" for 127.0.0.1 at 2018-08-06 11:54:30 -0700
Processing by StaticPagesController#root as HTML
  Rendering static_pages/root.html.erb within layouts/application
  Rendered static_pages/root.html.erb within layouts/application (1.0ms)
Completed 200 OK in 427ms (Views: 425.4ms | ActiveRecord: 0.0ms)


Started GET "/" for 127.0.0.1 at 2018-08-06 11:55:08 -0700
Processing by StaticPagesController#root as HTML
  Rendering static_pages/root.html.erb within layouts/application
  Rendered static_pages/root.html.erb within layouts/application (0.6ms)
Completed 200 OK in 26ms (Views: 24.2ms | ActiveRecord: 0.0ms)


Started GET "/" for 127.0.0.1 at 2018-08-06 11:56:42 -0700
Processing by StaticPagesController#root as HTML
  Rendering static_pages/root.html.erb within layouts/application
  Rendered static_pages/root.html.erb within layouts/application (0.6ms)
Completed 200 OK in 27ms (Views: 25.4ms | ActiveRecord: 0.0ms)


Started GET "/" for 127.0.0.1 at 2018-08-06 11:57:00 -0700
Processing by StaticPagesController#root as HTML
  Rendering static_pages/root.html.erb within layouts/application
  Rendered static_pages/root.html.erb within layouts/application (1.2ms)
Completed 200 OK in 470ms (Views: 468.1ms | ActiveRecord: 0.0ms)


Started GET "/" for 127.0.0.1 at 2018-08-06 11:58:31 -0700
Processing by StaticPagesController#root as HTML
  Rendering static_pages/root.html.erb within layouts/application
  Rendered static_pages/root.html.erb within layouts/application (1.1ms)
Completed 200 OK in 529ms (Views: 527.4ms | ActiveRecord: 0.0ms)


Started POST "/api/session" for 127.0.0.1 at 2018-08-06 11:58:37 -0700
Processing by Api::SessionsController#create as JSON
  Parameters: {"user"=>{"username"=>"steven", "password"=>"[FILTERED]"}}
  [1m[36mUser Load (0.4ms)[0m  [1m[34mSELECT  "users".* FROM "users" WHERE "users"."username" = $1 LIMIT $2[0m  [["username", "steven"], ["LIMIT", 1]]
  [1m[35m (0.2ms)[0m  [1m[35mBEGIN[0m
  [1m[36mUser Exists (0.3ms)[0m  [1m[34mSELECT  1 AS one FROM "users" WHERE "users"."username" = $1 AND ("users"."id" != $2) LIMIT $3[0m  [["username", "steven"], ["id", 2], ["LIMIT", 1]]
  [1m[36mUser Exists (0.2ms)[0m  [1m[34mSELECT  1 AS one FROM "users" WHERE "users"."session_token" = $1 AND ("users"."id" != $2) LIMIT $3[0m  [["session_token", "U5EzLtC9M1qKVcXd9s5nPg"], ["id", 2], ["LIMIT", 1]]
  [1m[35mSQL (0.3ms)[0m  [1m[33mUPDATE "users" SET "session_token" = $1, "updated_at" = $2 WHERE "users"."id" = $3[0m  [["session_token", "U5EzLtC9M1qKVcXd9s5nPg"], ["updated_at", "2018-08-06 18:58:37.870342"], ["id", 2]]
  [1m[35m (5.7ms)[0m  [1m[35mCOMMIT[0m
  Rendering api/users/show.json.jbuilder
  Rendered api/users/_user.json.jbuilder (0.2ms)
  Rendered api/users/show.json.jbuilder (1.2ms)
Completed 200 OK in 80ms (Views: 8.3ms | ActiveRecord: 7.1ms)


